{"C:\\Users\\Developer\\Desktop\\Versionamiento LEARNHUB\\learnhub_latest canecillas 01 07 23\\learnhub_latest canecillas 01 07 23\\client\\components\\TopNav.js": {"path":"C:\\Users\\Developer\\Desktop\\Versionamiento LEARNHUB\\learnhub_latest canecillas 01 07 23\\learnhub_latest canecillas 01 07 23\\client\\components\\TopNav.js","statementMap":{"0":{"start":{"line":17,"column":37},"end":{"line":17,"column":41}},"1":{"start":{"line":19,"column":15},"end":{"line":139,"column":1}},"2":{"start":{"line":20,"column":32},"end":{"line":20,"column":44}},"3":{"start":{"line":22,"column":30},"end":{"line":22,"column":49}},"4":{"start":{"line":23,"column":19},"end":{"line":23,"column":24}},"5":{"start":{"line":25,"column":17},"end":{"line":25,"column":28}},"6":{"start":{"line":27,"column":2},"end":{"line":29,"column":52}},"7":{"start":{"line":28,"column":4},"end":{"line":28,"column":60}},"8":{"start":{"line":31,"column":17},"end":{"line":43,"column":3}},"9":{"start":{"line":32,"column":4},"end":{"line":32,"column":33}},"10":{"start":{"line":33,"column":4},"end":{"line":33,"column":43}},"11":{"start":{"line":34,"column":4},"end":{"line":42,"column":5}},"12":{"start":{"line":35,"column":23},"end":{"line":35,"column":53}},"13":{"start":{"line":36,"column":6},"end":{"line":36,"column":26}},"14":{"start":{"line":37,"column":6},"end":{"line":37,"column":34}},"15":{"start":{"line":40,"column":6},"end":{"line":40,"column":82}},"16":{"start":{"line":46,"column":2},"end":{"line":138,"column":4}},"17":{"start":{"line":50,"column":24},"end":{"line":50,"column":41}},"18":{"start":{"line":61,"column":26},"end":{"line":61,"column":43}},"19":{"start":{"line":71,"column":26},"end":{"line":71,"column":43}},"20":{"start":{"line":85,"column":28},"end":{"line":85,"column":45}},"21":{"start":{"line":96,"column":28},"end":{"line":96,"column":45}},"22":{"start":{"line":118,"column":33},"end":{"line":118,"column":41}},"23":{"start":{"line":128,"column":26},"end":{"line":128,"column":43}}},"fnMap":{"0":{"name":"(anonymous_0)","decl":{"start":{"line":19,"column":15},"end":{"line":19,"column":16}},"loc":{"start":{"line":19,"column":21},"end":{"line":139,"column":1}},"line":19},"1":{"name":"(anonymous_1)","decl":{"start":{"line":27,"column":12},"end":{"line":27,"column":13}},"loc":{"start":{"line":27,"column":18},"end":{"line":29,"column":3}},"line":27},"2":{"name":"(anonymous_2)","decl":{"start":{"line":31,"column":17},"end":{"line":31,"column":18}},"loc":{"start":{"line":31,"column":29},"end":{"line":43,"column":3}},"line":31},"3":{"name":"(anonymous_3)","decl":{"start":{"line":50,"column":17},"end":{"line":50,"column":18}},"loc":{"start":{"line":50,"column":24},"end":{"line":50,"column":41}},"line":50},"4":{"name":"(anonymous_4)","decl":{"start":{"line":61,"column":19},"end":{"line":61,"column":20}},"loc":{"start":{"line":61,"column":26},"end":{"line":61,"column":43}},"line":61},"5":{"name":"(anonymous_5)","decl":{"start":{"line":71,"column":19},"end":{"line":71,"column":20}},"loc":{"start":{"line":71,"column":26},"end":{"line":71,"column":43}},"line":71},"6":{"name":"(anonymous_6)","decl":{"start":{"line":85,"column":21},"end":{"line":85,"column":22}},"loc":{"start":{"line":85,"column":28},"end":{"line":85,"column":45}},"line":85},"7":{"name":"(anonymous_7)","decl":{"start":{"line":96,"column":21},"end":{"line":96,"column":22}},"loc":{"start":{"line":96,"column":28},"end":{"line":96,"column":45}},"line":96},"8":{"name":"(anonymous_8)","decl":{"start":{"line":118,"column":27},"end":{"line":118,"column":28}},"loc":{"start":{"line":118,"column":33},"end":{"line":118,"column":41}},"line":118},"9":{"name":"(anonymous_9)","decl":{"start":{"line":128,"column":19},"end":{"line":128,"column":20}},"loc":{"start":{"line":128,"column":26},"end":{"line":128,"column":43}},"line":128}},"branchMap":{"0":{"loc":{"start":{"line":28,"column":4},"end":{"line":28,"column":59}},"type":"binary-expr","locations":[{"start":{"line":28,"column":4},"end":{"line":28,"column":19}},{"start":{"line":28,"column":23},"end":{"line":28,"column":59}}],"line":28},"1":{"loc":{"start":{"line":29,"column":6},"end":{"line":29,"column":49}},"type":"binary-expr","locations":[{"start":{"line":29,"column":6},"end":{"line":29,"column":21}},{"start":{"line":29,"column":25},"end":{"line":29,"column":49}}],"line":29},"2":{"loc":{"start":{"line":58,"column":7},"end":{"line":78,"column":7}},"type":"cond-expr","locations":[{"start":{"line":59,"column":8},"end":{"line":67,"column":15}},{"start":{"line":69,"column":8},"end":{"line":77,"column":15}}],"line":58},"3":{"loc":{"start":{"line":80,"column":7},"end":{"line":104,"column":7}},"type":"binary-expr","locations":[{"start":{"line":80,"column":7},"end":{"line":80,"column":20}},{"start":{"line":81,"column":8},"end":{"line":103,"column":11}}],"line":80},"4":{"loc":{"start":{"line":106,"column":7},"end":{"line":123,"column":7}},"type":"binary-expr","locations":[{"start":{"line":106,"column":7},"end":{"line":106,"column":20}},{"start":{"line":107,"column":8},"end":{"line":122,"column":18}}],"line":106},"5":{"loc":{"start":{"line":125,"column":7},"end":{"line":136,"column":7}},"type":"binary-expr","locations":[{"start":{"line":125,"column":7},"end":{"line":125,"column":41}},{"start":{"line":126,"column":8},"end":{"line":135,"column":15}}],"line":125}},"s":{"0":1,"1":1,"2":7,"3":6,"4":6,"5":6,"6":6,"7":0,"8":6,"9":0,"10":0,"11":0,"12":0,"13":0,"14":0,"15":0,"16":6,"17":0,"18":0,"19":0,"20":0,"21":0,"22":0,"23":0},"f":{"0":7,"1":0,"2":0,"3":0,"4":0,"5":0,"6":0,"7":0,"8":0,"9":0},"b":{"0":[0,0],"1":[6,0],"2":[0,0],"3":[0,0],"4":[0,0],"5":[0,0]},"_coverageSchema":"1a1c01bbd47fc00a2c39e90264f33305004495a9","hash":"87ae1a0f02e4a3a4d8f9c7fca3be24a49641e0aa"}
,"C:\\Users\\Developer\\Desktop\\Versionamiento LEARNHUB\\learnhub_latest canecillas 01 07 23\\learnhub_latest canecillas 01 07 23\\client\\components\\cards\\CourseCard.js": {"path":"C:\\Users\\Developer\\Desktop\\Versionamiento LEARNHUB\\learnhub_latest canecillas 01 07 23\\learnhub_latest canecillas 01 07 23\\client\\components\\cards\\CourseCard.js","statementMap":{"0":{"start":{"line":5,"column":19},"end":{"line":37,"column":1}},"1":{"start":{"line":6,"column":69},"end":{"line":6,"column":75}},"2":{"start":{"line":7,"column":21},"end":{"line":7,"column":59}},"3":{"start":{"line":9,"column":4},"end":{"line":36,"column":6}}},"fnMap":{"0":{"name":"(anonymous_0)","decl":{"start":{"line":5,"column":19},"end":{"line":5,"column":20}},"loc":{"start":{"line":5,"column":35},"end":{"line":37,"column":1}},"line":5}},"branchMap":{"0":{"loc":{"start":{"line":7,"column":21},"end":{"line":7,"column":59}},"type":"cond-expr","locations":[{"start":{"line":7,"column":29},"end":{"line":7,"column":43}},{"start":{"line":7,"column":46},"end":{"line":7,"column":59}}],"line":7},"1":{"loc":{"start":{"line":31,"column":25},"end":{"line":31,"column":98}},"type":"cond-expr","locations":[{"start":{"line":31,"column":32},"end":{"line":31,"column":85}},{"start":{"line":31,"column":88},"end":{"line":31,"column":98}}],"line":31}},"s":{"0":1,"1":10,"2":10,"3":10},"f":{"0":10},"b":{"0":[10,0],"1":[0,0]},"_coverageSchema":"1a1c01bbd47fc00a2c39e90264f33305004495a9","hash":"6e31eeab014a4e4c6648a460c57db8aa8bb8f9bf"}
,"C:\\Users\\Developer\\Desktop\\Versionamiento LEARNHUB\\learnhub_latest canecillas 01 07 23\\learnhub_latest canecillas 01 07 23\\client\\components\\cards\\SingleCourseJumbotron.js": {"path":"C:\\Users\\Developer\\Desktop\\Versionamiento LEARNHUB\\learnhub_latest canecillas 01 07 23\\learnhub_latest canecillas 01 07 23\\client\\components\\cards\\SingleCourseJumbotron.js","statementMap":{"0":{"start":{"line":6,"column":30},"end":{"line":118,"column":1}},"1":{"start":{"line":28,"column":8},"end":{"line":28,"column":14}},"2":{"start":{"line":32,"column":4},"end":{"line":40,"column":7}},"3":{"start":{"line":33,"column":8},"end":{"line":33,"column":54}},"4":{"start":{"line":34,"column":13},"end":{"line":40,"column":7}},"5":{"start":{"line":35,"column":8},"end":{"line":35,"column":35}},"6":{"start":{"line":36,"column":13},"end":{"line":40,"column":7}},"7":{"start":{"line":37,"column":8},"end":{"line":37,"column":29}},"8":{"start":{"line":39,"column":8},"end":{"line":39,"column":35}},"9":{"start":{"line":42,"column":4},"end":{"line":117,"column":6}},"10":{"start":{"line":77,"column":32},"end":{"line":77,"column":70}},"11":{"start":{"line":78,"column":32},"end":{"line":78,"column":57}}},"fnMap":{"0":{"name":"(anonymous_0)","decl":{"start":{"line":6,"column":30},"end":{"line":6,"column":31}},"loc":{"start":{"line":16,"column":6},"end":{"line":118,"column":1}},"line":16},"1":{"name":"(anonymous_1)","decl":{"start":{"line":76,"column":37},"end":{"line":76,"column":38}},"loc":{"start":{"line":76,"column":43},"end":{"line":79,"column":29}},"line":76}},"branchMap":{"0":{"loc":{"start":{"line":32,"column":4},"end":{"line":40,"column":7}},"type":"if","locations":[{"start":{"line":32,"column":4},"end":{"line":40,"column":7}},{"start":{"line":34,"column":13},"end":{"line":40,"column":7}}],"line":32},"1":{"loc":{"start":{"line":34,"column":13},"end":{"line":40,"column":7}},"type":"if","locations":[{"start":{"line":34,"column":13},"end":{"line":40,"column":7}},{"start":{"line":36,"column":13},"end":{"line":40,"column":7}}],"line":34},"2":{"loc":{"start":{"line":36,"column":13},"end":{"line":40,"column":7}},"type":"if","locations":[{"start":{"line":36,"column":13},"end":{"line":40,"column":7}},{"start":{"line":38,"column":13},"end":{"line":40,"column":7}}],"line":36},"3":{"loc":{"start":{"line":64,"column":25},"end":{"line":69,"column":38}},"type":"cond-expr","locations":[{"start":{"line":65,"column":30},"end":{"line":68,"column":30}},{"start":{"line":69,"column":30},"end":{"line":69,"column":38}}],"line":64},"4":{"loc":{"start":{"line":74,"column":21},"end":{"line":93,"column":21}},"type":"cond-expr","locations":[{"start":{"line":75,"column":24},"end":{"line":88,"column":30}},{"start":{"line":90,"column":24},"end":{"line":92,"column":27}}],"line":74},"5":{"loc":{"start":{"line":91,"column":38},"end":{"line":91,"column":76}},"type":"cond-expr","locations":[{"start":{"line":91,"column":46},"end":{"line":91,"column":60}},{"start":{"line":91,"column":63},"end":{"line":91,"column":76}}],"line":91},"6":{"loc":{"start":{"line":96,"column":21},"end":{"line":113,"column":21}},"type":"cond-expr","locations":[{"start":{"line":97,"column":24},"end":{"line":99,"column":30}},{"start":{"line":101,"column":24},"end":{"line":112,"column":33}}],"line":96},"7":{"loc":{"start":{"line":109,"column":37},"end":{"line":109,"column":87}},"type":"cond-expr","locations":[{"start":{"line":109,"column":44},"end":{"line":109,"column":64}},{"start":{"line":109,"column":67},"end":{"line":109,"column":87}}],"line":109}},"s":{"0":1,"1":0,"2":0,"3":0,"4":0,"5":0,"6":0,"7":0,"8":0,"9":0,"10":0,"11":0},"f":{"0":0,"1":0},"b":{"0":[0,0],"1":[0,0],"2":[0,0],"3":[0,0],"4":[0,0],"5":[0,0],"6":[0,0],"7":[0,0]},"_coverageSchema":"1a1c01bbd47fc00a2c39e90264f33305004495a9","hash":"bacb9826fd7ebfecc80dc3cc7cbfb1ce4d39cff1"}
,"C:\\Users\\Developer\\Desktop\\Versionamiento LEARNHUB\\learnhub_latest canecillas 01 07 23\\learnhub_latest canecillas 01 07 23\\client\\components\\cards\\SingleCourseLessons.js": {"path":"C:\\Users\\Developer\\Desktop\\Versionamiento LEARNHUB\\learnhub_latest canecillas 01 07 23\\learnhub_latest canecillas 01 07 23\\client\\components\\cards\\SingleCourseLessons.js","statementMap":{"0":{"start":{"line":2,"column":17},"end":{"line":2,"column":21}},"1":{"start":{"line":4,"column":28},"end":{"line":46,"column":1}},"2":{"start":{"line":10,"column":2},"end":{"line":45,"column":4}},"3":{"start":{"line":21,"column":14},"end":{"line":39,"column":21}},"4":{"start":{"line":32,"column":22},"end":{"line":32,"column":54}},"5":{"start":{"line":33,"column":22},"end":{"line":33,"column":47}}},"fnMap":{"0":{"name":"(anonymous_0)","decl":{"start":{"line":4,"column":28},"end":{"line":4,"column":29}},"loc":{"start":{"line":9,"column":6},"end":{"line":46,"column":1}},"line":9},"1":{"name":"(anonymous_1)","decl":{"start":{"line":20,"column":24},"end":{"line":20,"column":25}},"loc":{"start":{"line":21,"column":14},"end":{"line":39,"column":21}},"line":21},"2":{"name":"(anonymous_2)","decl":{"start":{"line":31,"column":29},"end":{"line":31,"column":30}},"loc":{"start":{"line":31,"column":35},"end":{"line":34,"column":21}},"line":31}},"branchMap":{"0":{"loc":{"start":{"line":15,"column":11},"end":{"line":15,"column":57}},"type":"binary-expr","locations":[{"start":{"line":15,"column":11},"end":{"line":15,"column":18}},{"start":{"line":15,"column":22},"end":{"line":15,"column":57}}],"line":15},"1":{"loc":{"start":{"line":28,"column":17},"end":{"line":38,"column":17}},"type":"binary-expr","locations":[{"start":{"line":28,"column":17},"end":{"line":28,"column":27}},{"start":{"line":28,"column":31},"end":{"line":28,"column":50}},{"start":{"line":28,"column":54},"end":{"line":28,"column":71}},{"start":{"line":29,"column":18},"end":{"line":37,"column":25}}],"line":28}},"s":{"0":2,"1":2,"2":12,"3":0,"4":0,"5":0},"f":{"0":12,"1":0,"2":0},"b":{"0":[0,0],"1":[0,0,0,0]},"_coverageSchema":"1a1c01bbd47fc00a2c39e90264f33305004495a9","hash":"3419115e8245983e5edea02ed6262e8ef721b06e"}
,"C:\\Users\\Developer\\Desktop\\Versionamiento LEARNHUB\\learnhub_latest canecillas 01 07 23\\learnhub_latest canecillas 01 07 23\\client\\components\\forms\\AddLessonForm.js": {"path":"C:\\Users\\Developer\\Desktop\\Versionamiento LEARNHUB\\learnhub_latest canecillas 01 07 23\\learnhub_latest canecillas 01 07 23\\client\\components\\forms\\AddLessonForm.js","statementMap":{"0":{"start":{"line":4,"column":22},"end":{"line":76,"column":1}},"1":{"start":{"line":14,"column":30},"end":{"line":16,"column":5}},"2":{"start":{"line":15,"column":8},"end":{"line":15,"column":58}},"3":{"start":{"line":18,"column":4},"end":{"line":75,"column":6}},"4":{"start":{"line":24,"column":37},"end":{"line":24,"column":66}},"5":{"start":{"line":35,"column":37},"end":{"line":35,"column":68}}},"fnMap":{"0":{"name":"(anonymous_0)","decl":{"start":{"line":4,"column":22},"end":{"line":4,"column":23}},"loc":{"start":{"line":13,"column":6},"end":{"line":76,"column":1}},"line":13},"1":{"name":"(anonymous_1)","decl":{"start":{"line":14,"column":30},"end":{"line":14,"column":31}},"loc":{"start":{"line":14,"column":44},"end":{"line":16,"column":5}},"line":14},"2":{"name":"(anonymous_2)","decl":{"start":{"line":24,"column":30},"end":{"line":24,"column":31}},"loc":{"start":{"line":24,"column":37},"end":{"line":24,"column":66}},"line":24},"3":{"name":"(anonymous_3)","decl":{"start":{"line":35,"column":30},"end":{"line":35,"column":31}},"loc":{"start":{"line":35,"column":37},"end":{"line":35,"column":68}},"line":35}},"branchMap":{"0":{"loc":{"start":{"line":46,"column":21},"end":{"line":52,"column":21}},"type":"binary-expr","locations":[{"start":{"line":46,"column":21},"end":{"line":46,"column":31}},{"start":{"line":46,"column":35},"end":{"line":46,"column":57}},{"start":{"line":47,"column":24},"end":{"line":51,"column":34}}],"line":46},"1":{"loc":{"start":{"line":55,"column":17},"end":{"line":61,"column":17}},"type":"binary-expr","locations":[{"start":{"line":55,"column":17},"end":{"line":55,"column":29}},{"start":{"line":56,"column":20},"end":{"line":60,"column":22}}],"line":55}},"s":{"0":1,"1":6,"2":0,"3":6,"4":0,"5":0},"f":{"0":6,"1":0,"2":0,"3":0},"b":{"0":[0,0,0],"1":[0,0]},"_coverageSchema":"1a1c01bbd47fc00a2c39e90264f33305004495a9","hash":"dd39f82f9ad2e488776c6e60cacd87222259394d"}
,"C:\\Users\\Developer\\Desktop\\Versionamiento LEARNHUB\\learnhub_latest canecillas 01 07 23\\learnhub_latest canecillas 01 07 23\\client\\components\\forms\\AddQuestionForm.js": {"path":"C:\\Users\\Developer\\Desktop\\Versionamiento LEARNHUB\\learnhub_latest canecillas 01 07 23\\learnhub_latest canecillas 01 07 23\\client\\components\\forms\\AddQuestionForm.js","statementMap":{"0":{"start":{"line":4,"column":24},"end":{"line":128,"column":1}},"1":{"start":{"line":10,"column":38},"end":{"line":10,"column":50}},"2":{"start":{"line":12,"column":28},"end":{"line":14,"column":3}},"3":{"start":{"line":13,"column":4},"end":{"line":13,"column":68}},"4":{"start":{"line":16,"column":30},"end":{"line":18,"column":3}},"5":{"start":{"line":17,"column":4},"end":{"line":17,"column":70}},"6":{"start":{"line":20,"column":29},"end":{"line":22,"column":3}},"7":{"start":{"line":21,"column":4},"end":{"line":21,"column":60}},"8":{"start":{"line":24,"column":29},"end":{"line":28,"column":3}},"9":{"start":{"line":25,"column":20},"end":{"line":25,"column":47}},"10":{"start":{"line":26,"column":4},"end":{"line":26,"column":42}},"11":{"start":{"line":27,"column":4},"end":{"line":27,"column":54}},"12":{"start":{"line":30,"column":23},"end":{"line":40,"column":3}},"13":{"start":{"line":31,"column":4},"end":{"line":31,"column":23}},"14":{"start":{"line":32,"column":19},"end":{"line":32,"column":33}},"15":{"start":{"line":34,"column":4},"end":{"line":37,"column":5}},"16":{"start":{"line":35,"column":6},"end":{"line":35,"column":28}},"17":{"start":{"line":36,"column":6},"end":{"line":36,"column":13}},"18":{"start":{"line":39,"column":4},"end":{"line":39,"column":25}},"19":{"start":{"line":42,"column":23},"end":{"line":58,"column":3}},"20":{"start":{"line":43,"column":19},"end":{"line":43,"column":21}},"21":{"start":{"line":45,"column":4},"end":{"line":47,"column":5}},"22":{"start":{"line":46,"column":6},"end":{"line":46,"column":46}},"23":{"start":{"line":49,"column":4},"end":{"line":51,"column":5}},"24":{"start":{"line":49,"column":48},"end":{"line":49,"column":62}},"25":{"start":{"line":50,"column":6},"end":{"line":50,"column":59}},"26":{"start":{"line":53,"column":4},"end":{"line":55,"column":5}},"27":{"start":{"line":54,"column":6},"end":{"line":54,"column":63}},"28":{"start":{"line":57,"column":4},"end":{"line":57,"column":18}},"29":{"start":{"line":60,"column":22},"end":{"line":66,"column":3}},"30":{"start":{"line":61,"column":4},"end":{"line":65,"column":6}},"31":{"start":{"line":63,"column":47},"end":{"line":63,"column":60}},"32":{"start":{"line":68,"column":2},"end":{"line":127,"column":4}},"33":{"start":{"line":94,"column":10},"end":{"line":109,"column":16}},"34":{"start":{"line":96,"column":30},"end":{"line":96,"column":55}},"35":{"start":{"line":104,"column":31},"end":{"line":104,"column":59}}},"fnMap":{"0":{"name":"(anonymous_0)","decl":{"start":{"line":4,"column":24},"end":{"line":4,"column":25}},"loc":{"start":{"line":9,"column":6},"end":{"line":128,"column":1}},"line":9},"1":{"name":"(anonymous_1)","decl":{"start":{"line":12,"column":28},"end":{"line":12,"column":29}},"loc":{"start":{"line":12,"column":35},"end":{"line":14,"column":3}},"line":12},"2":{"name":"(anonymous_2)","decl":{"start":{"line":16,"column":30},"end":{"line":16,"column":31}},"loc":{"start":{"line":16,"column":37},"end":{"line":18,"column":3}},"line":16},"3":{"name":"(anonymous_3)","decl":{"start":{"line":20,"column":29},"end":{"line":20,"column":30}},"loc":{"start":{"line":20,"column":40},"end":{"line":22,"column":3}},"line":20},"4":{"name":"(anonymous_4)","decl":{"start":{"line":24,"column":29},"end":{"line":24,"column":30}},"loc":{"start":{"line":24,"column":49},"end":{"line":28,"column":3}},"line":24},"5":{"name":"(anonymous_5)","decl":{"start":{"line":30,"column":23},"end":{"line":30,"column":24}},"loc":{"start":{"line":30,"column":30},"end":{"line":40,"column":3}},"line":30},"6":{"name":"(anonymous_6)","decl":{"start":{"line":42,"column":23},"end":{"line":42,"column":24}},"loc":{"start":{"line":42,"column":29},"end":{"line":58,"column":3}},"line":42},"7":{"name":"(anonymous_7)","decl":{"start":{"line":49,"column":36},"end":{"line":49,"column":37}},"loc":{"start":{"line":49,"column":48},"end":{"line":49,"column":62}},"line":49},"8":{"name":"(anonymous_8)","decl":{"start":{"line":60,"column":22},"end":{"line":60,"column":23}},"loc":{"start":{"line":60,"column":28},"end":{"line":66,"column":3}},"line":60},"9":{"name":"(anonymous_9)","decl":{"start":{"line":63,"column":35},"end":{"line":63,"column":36}},"loc":{"start":{"line":63,"column":47},"end":{"line":63,"column":60}},"line":63},"10":{"name":"(anonymous_10)","decl":{"start":{"line":93,"column":36},"end":{"line":93,"column":37}},"loc":{"start":{"line":94,"column":10},"end":{"line":109,"column":16}},"line":94},"11":{"name":"(anonymous_11)","decl":{"start":{"line":96,"column":24},"end":{"line":96,"column":25}},"loc":{"start":{"line":96,"column":30},"end":{"line":96,"column":55}},"line":96},"12":{"name":"(anonymous_12)","decl":{"start":{"line":104,"column":24},"end":{"line":104,"column":25}},"loc":{"start":{"line":104,"column":31},"end":{"line":104,"column":59}},"line":104}},"branchMap":{"0":{"loc":{"start":{"line":34,"column":4},"end":{"line":37,"column":5}},"type":"if","locations":[{"start":{"line":34,"column":4},"end":{"line":37,"column":5}},{"start":{},"end":{}}],"line":34},"1":{"loc":{"start":{"line":45,"column":4},"end":{"line":47,"column":5}},"type":"if","locations":[{"start":{"line":45,"column":4},"end":{"line":47,"column":5}},{"start":{},"end":{}}],"line":45},"2":{"loc":{"start":{"line":49,"column":4},"end":{"line":51,"column":5}},"type":"if","locations":[{"start":{"line":49,"column":4},"end":{"line":51,"column":5}},{"start":{},"end":{}}],"line":49},"3":{"loc":{"start":{"line":53,"column":4},"end":{"line":55,"column":5}},"type":"if","locations":[{"start":{"line":53,"column":4},"end":{"line":55,"column":5}},{"start":{},"end":{}}],"line":53},"4":{"loc":{"start":{"line":62,"column":6},"end":{"line":64,"column":36}},"type":"binary-expr","locations":[{"start":{"line":62,"column":6},"end":{"line":62,"column":33}},{"start":{"line":63,"column":6},"end":{"line":63,"column":61}},{"start":{"line":64,"column":6},"end":{"line":64,"column":36}}],"line":62},"5":{"loc":{"start":{"line":80,"column":9},"end":{"line":80,"column":84}},"type":"binary-expr","locations":[{"start":{"line":80,"column":9},"end":{"line":80,"column":25}},{"start":{"line":80,"column":29},"end":{"line":80,"column":84}}],"line":80},"6":{"loc":{"start":{"line":108,"column":13},"end":{"line":108,"column":92}},"type":"binary-expr","locations":[{"start":{"line":108,"column":13},"end":{"line":108,"column":31}},{"start":{"line":108,"column":35},"end":{"line":108,"column":92}}],"line":108},"7":{"loc":{"start":{"line":112,"column":9},"end":{"line":112,"column":86}},"type":"binary-expr","locations":[{"start":{"line":112,"column":9},"end":{"line":112,"column":26}},{"start":{"line":112,"column":30},"end":{"line":112,"column":86}}],"line":112}},"s":{"0":1,"1":6,"2":6,"3":0,"4":6,"5":0,"6":6,"7":0,"8":6,"9":0,"10":0,"11":0,"12":6,"13":0,"14":0,"15":0,"16":0,"17":0,"18":0,"19":6,"20":0,"21":0,"22":0,"23":0,"24":0,"25":0,"26":0,"27":0,"28":0,"29":6,"30":0,"31":0,"32":6,"33":0,"34":0,"35":0},"f":{"0":6,"1":0,"2":0,"3":0,"4":0,"5":0,"6":0,"7":0,"8":0,"9":0,"10":0,"11":0,"12":0},"b":{"0":[0,0],"1":[0,0],"2":[0,0],"3":[0,0],"4":[0,0,0],"5":[0,0],"6":[0,0],"7":[0,0]},"_coverageSchema":"1a1c01bbd47fc00a2c39e90264f33305004495a9","hash":"4500d90b6569679ea300132bb072decf1e699d17"}
,"C:\\Users\\Developer\\Desktop\\Versionamiento LEARNHUB\\learnhub_latest canecillas 01 07 23\\learnhub_latest canecillas 01 07 23\\client\\components\\forms\\CourseCreateForm.js": {"path":"C:\\Users\\Developer\\Desktop\\Versionamiento LEARNHUB\\learnhub_latest canecillas 01 07 23\\learnhub_latest canecillas 01 07 23\\client\\components\\forms\\CourseCreateForm.js","statementMap":{"0":{"start":{"line":3,"column":19},"end":{"line":3,"column":25}},"1":{"start":{"line":5,"column":25},"end":{"line":133,"column":1}},"2":{"start":{"line":13,"column":31},"end":{"line":13,"column":32}},"3":{"start":{"line":16,"column":21},"end":{"line":16,"column":23}},"4":{"start":{"line":17,"column":4},"end":{"line":19,"column":5}},"5":{"start":{"line":17,"column":17},"end":{"line":17,"column":21}},"6":{"start":{"line":18,"column":8},"end":{"line":18,"column":75}},"7":{"start":{"line":20,"column":4},"end":{"line":132,"column":6}},"8":{"start":{"line":53,"column":53},"end":{"line":53,"column":96}},"9":{"start":{"line":66,"column":53},"end":{"line":66,"column":87}}},"fnMap":{"0":{"name":"(anonymous_0)","decl":{"start":{"line":5,"column":25},"end":{"line":5,"column":26}},"loc":{"start":{"line":15,"column":6},"end":{"line":133,"column":1}},"line":15},"1":{"name":"(anonymous_1)","decl":{"start":{"line":13,"column":24},"end":{"line":13,"column":25}},"loc":{"start":{"line":13,"column":31},"end":{"line":13,"column":32}},"line":13},"2":{"name":"(anonymous_2)","decl":{"start":{"line":53,"column":46},"end":{"line":53,"column":47}},"loc":{"start":{"line":53,"column":53},"end":{"line":53,"column":96}},"line":53},"3":{"name":"(anonymous_3)","decl":{"start":{"line":66,"column":46},"end":{"line":66,"column":47}},"loc":{"start":{"line":66,"column":53},"end":{"line":66,"column":87}},"line":66}},"branchMap":{"0":{"loc":{"start":{"line":13,"column":4},"end":{"line":13,"column":32}},"type":"default-arg","locations":[{"start":{"line":13,"column":24},"end":{"line":13,"column":32}}],"line":13},"1":{"loc":{"start":{"line":14,"column":4},"end":{"line":14,"column":20}},"type":"default-arg","locations":[{"start":{"line":14,"column":15},"end":{"line":14,"column":20}}],"line":14},"2":{"loc":{"start":{"line":22,"column":13},"end":{"line":130,"column":13}},"type":"binary-expr","locations":[{"start":{"line":22,"column":13},"end":{"line":22,"column":19}},{"start":{"line":23,"column":16},"end":{"line":129,"column":23}}],"line":22},"3":{"loc":{"start":{"line":61,"column":25},"end":{"line":73,"column":25}},"type":"binary-expr","locations":[{"start":{"line":61,"column":25},"end":{"line":61,"column":36}},{"start":{"line":62,"column":28},"end":{"line":72,"column":34}}],"line":61},"4":{"loc":{"start":{"line":103,"column":25},"end":{"line":107,"column":25}},"type":"binary-expr","locations":[{"start":{"line":103,"column":25},"end":{"line":103,"column":32}},{"start":{"line":104,"column":28},"end":{"line":106,"column":36}}],"line":103},"5":{"loc":{"start":{"line":109,"column":25},"end":{"line":111,"column":25}},"type":"binary-expr","locations":[{"start":{"line":109,"column":25},"end":{"line":109,"column":33}},{"start":{"line":109,"column":37},"end":{"line":109,"column":49}},{"start":{"line":110,"column":28},"end":{"line":110,"column":78}}],"line":109},"6":{"loc":{"start":{"line":118,"column":42},"end":{"line":118,"column":76}},"type":"binary-expr","locations":[{"start":{"line":118,"column":42},"end":{"line":118,"column":56}},{"start":{"line":118,"column":60},"end":{"line":118,"column":76}}],"line":118},"7":{"loc":{"start":{"line":125,"column":33},"end":{"line":125,"column":88}},"type":"cond-expr","locations":[{"start":{"line":125,"column":50},"end":{"line":125,"column":64}},{"start":{"line":125,"column":67},"end":{"line":125,"column":88}}],"line":125}},"s":{"0":1,"1":1,"2":0,"3":6,"4":6,"5":6,"6":6,"7":0,"8":0,"9":0},"f":{"0":6,"1":0,"2":0,"3":0},"b":{"0":[0],"1":[0],"2":[0,0],"3":[0,0],"4":[0,0],"5":[0,0,0],"6":[0,0],"7":[0,0]},"_coverageSchema":"1a1c01bbd47fc00a2c39e90264f33305004495a9","hash":"a3a3e978f7db0244aa4b255e7cac18f25ba9ece5"}
,"C:\\Users\\Developer\\Desktop\\Versionamiento LEARNHUB\\learnhub_latest canecillas 01 07 23\\learnhub_latest canecillas 01 07 23\\client\\components\\forms\\UpdateLessonForm.js": {"path":"C:\\Users\\Developer\\Desktop\\Versionamiento LEARNHUB\\learnhub_latest canecillas 01 07 23\\learnhub_latest canecillas 01 07 23\\client\\components\\forms\\UpdateLessonForm.js","statementMap":{"0":{"start":{"line":4,"column":25},"end":{"line":101,"column":1}},"1":{"start":{"line":14,"column":30},"end":{"line":16,"column":5}},"2":{"start":{"line":15,"column":8},"end":{"line":15,"column":58}},"3":{"start":{"line":19,"column":32},"end":{"line":21,"column":5}},"4":{"start":{"line":20,"column":8},"end":{"line":20,"column":60}},"5":{"start":{"line":23,"column":4},"end":{"line":100,"column":6}},"6":{"start":{"line":83,"column":41},"end":{"line":83,"column":84}}},"fnMap":{"0":{"name":"(anonymous_0)","decl":{"start":{"line":4,"column":25},"end":{"line":4,"column":26}},"loc":{"start":{"line":12,"column":6},"end":{"line":101,"column":1}},"line":12},"1":{"name":"(anonymous_1)","decl":{"start":{"line":14,"column":30},"end":{"line":14,"column":31}},"loc":{"start":{"line":14,"column":37},"end":{"line":16,"column":5}},"line":14},"2":{"name":"(anonymous_2)","decl":{"start":{"line":19,"column":32},"end":{"line":19,"column":33}},"loc":{"start":{"line":19,"column":39},"end":{"line":21,"column":5}},"line":19},"3":{"name":"(anonymous_3)","decl":{"start":{"line":83,"column":34},"end":{"line":83,"column":35}},"loc":{"start":{"line":83,"column":41},"end":{"line":83,"column":84}},"line":83}},"branchMap":{"0":{"loc":{"start":{"line":47,"column":21},"end":{"line":56,"column":21}},"type":"binary-expr","locations":[{"start":{"line":47,"column":21},"end":{"line":47,"column":31}},{"start":{"line":47,"column":35},"end":{"line":47,"column":48}},{"start":{"line":47,"column":52},"end":{"line":47,"column":74}},{"start":{"line":48,"column":24},"end":{"line":55,"column":30}}],"line":47},"1":{"loc":{"start":{"line":66,"column":17},"end":{"line":72,"column":17}},"type":"binary-expr","locations":[{"start":{"line":66,"column":17},"end":{"line":66,"column":29}},{"start":{"line":67,"column":20},"end":{"line":71,"column":22}}],"line":66}},"s":{"0":1,"1":10,"2":0,"3":10,"4":0,"5":10,"6":0},"f":{"0":10,"1":0,"2":0,"3":0},"b":{"0":[0,0,0,0],"1":[0,0]},"_coverageSchema":"1a1c01bbd47fc00a2c39e90264f33305004495a9","hash":"c7a9379fee03fcc8e45d901bcd9dde3604e1a685"}
,"C:\\Users\\Developer\\Desktop\\Versionamiento LEARNHUB\\learnhub_latest canecillas 01 07 23\\learnhub_latest canecillas 01 07 23\\client\\components\\modal\\PreviewModal.js": {"path":"C:\\Users\\Developer\\Desktop\\Versionamiento LEARNHUB\\learnhub_latest canecillas 01 07 23\\learnhub_latest canecillas 01 07 23\\client\\components\\modal\\PreviewModal.js","statementMap":{"0":{"start":{"line":4,"column":21},"end":{"line":26,"column":1}},"1":{"start":{"line":5,"column":4},"end":{"line":25,"column":6}},"2":{"start":{"line":10,"column":32},"end":{"line":10,"column":56}}},"fnMap":{"0":{"name":"(anonymous_0)","decl":{"start":{"line":4,"column":21},"end":{"line":4,"column":22}},"loc":{"start":{"line":4,"column":63},"end":{"line":26,"column":1}},"line":4},"1":{"name":"(anonymous_1)","decl":{"start":{"line":10,"column":26},"end":{"line":10,"column":27}},"loc":{"start":{"line":10,"column":32},"end":{"line":10,"column":56}},"line":10}},"branchMap":{},"s":{"0":2,"1":8,"2":0},"f":{"0":8,"1":0},"b":{},"_coverageSchema":"1a1c01bbd47fc00a2c39e90264f33305004495a9","hash":"b67ab1b8391987501891fbb62acea55f72c8ebc9"}
,"C:\\Users\\Developer\\Desktop\\Versionamiento LEARNHUB\\learnhub_latest canecillas 01 07 23\\learnhub_latest canecillas 01 07 23\\client\\components\\nav\\InstructorNav.js": {"path":"C:\\Users\\Developer\\Desktop\\Versionamiento LEARNHUB\\learnhub_latest canecillas 01 07 23\\learnhub_latest canecillas 01 07 23\\client\\components\\nav\\InstructorNav.js","statementMap":{"0":{"start":{"line":4,"column":22},"end":{"line":28,"column":1}},"1":{"start":{"line":5,"column":34},"end":{"line":5,"column":46}},"2":{"start":{"line":7,"column":4},"end":{"line":9,"column":54}},"3":{"start":{"line":8,"column":8},"end":{"line":8,"column":64}},"4":{"start":{"line":11,"column":4},"end":{"line":27,"column":6}}},"fnMap":{"0":{"name":"(anonymous_0)","decl":{"start":{"line":4,"column":22},"end":{"line":4,"column":23}},"loc":{"start":{"line":4,"column":28},"end":{"line":28,"column":1}},"line":4},"1":{"name":"(anonymous_1)","decl":{"start":{"line":7,"column":14},"end":{"line":7,"column":15}},"loc":{"start":{"line":7,"column":20},"end":{"line":9,"column":5}},"line":7}},"branchMap":{"0":{"loc":{"start":{"line":8,"column":8},"end":{"line":8,"column":63}},"type":"binary-expr","locations":[{"start":{"line":8,"column":8},"end":{"line":8,"column":23}},{"start":{"line":8,"column":27},"end":{"line":8,"column":63}}],"line":8},"1":{"loc":{"start":{"line":9,"column":8},"end":{"line":9,"column":51}},"type":"binary-expr","locations":[{"start":{"line":9,"column":8},"end":{"line":9,"column":23}},{"start":{"line":9,"column":27},"end":{"line":9,"column":51}}],"line":9},"2":{"loc":{"start":{"line":14,"column":42},"end":{"line":14,"column":79}},"type":"binary-expr","locations":[{"start":{"line":14,"column":42},"end":{"line":14,"column":67}},{"start":{"line":14,"column":71},"end":{"line":14,"column":79}}],"line":14},"3":{"loc":{"start":{"line":20,"column":43},"end":{"line":20,"column":94}},"type":"binary-expr","locations":[{"start":{"line":20,"column":43},"end":{"line":20,"column":82}},{"start":{"line":20,"column":86},"end":{"line":20,"column":94}}],"line":20}},"s":{"0":2,"1":7,"2":6,"3":0,"4":6},"f":{"0":7,"1":0},"b":{"0":[0,0],"1":[6,0],"2":[0,0],"3":[0,0]},"_coverageSchema":"1a1c01bbd47fc00a2c39e90264f33305004495a9","hash":"8e609e3af96922f41b80f3750f55da22db33655e"}
,"C:\\Users\\Developer\\Desktop\\Versionamiento LEARNHUB\\learnhub_latest canecillas 01 07 23\\learnhub_latest canecillas 01 07 23\\client\\components\\nav\\UserNav.js": {"path":"C:\\Users\\Developer\\Desktop\\Versionamiento LEARNHUB\\learnhub_latest canecillas 01 07 23\\learnhub_latest canecillas 01 07 23\\client\\components\\nav\\UserNav.js","statementMap":{"0":{"start":{"line":4,"column":16},"end":{"line":20,"column":1}},"1":{"start":{"line":5,"column":34},"end":{"line":5,"column":46}},"2":{"start":{"line":7,"column":4},"end":{"line":9,"column":54}},"3":{"start":{"line":8,"column":8},"end":{"line":8,"column":64}},"4":{"start":{"line":11,"column":4},"end":{"line":19,"column":6}}},"fnMap":{"0":{"name":"(anonymous_0)","decl":{"start":{"line":4,"column":16},"end":{"line":4,"column":17}},"loc":{"start":{"line":4,"column":22},"end":{"line":20,"column":1}},"line":4},"1":{"name":"(anonymous_1)","decl":{"start":{"line":7,"column":14},"end":{"line":7,"column":15}},"loc":{"start":{"line":7,"column":20},"end":{"line":9,"column":5}},"line":7}},"branchMap":{"0":{"loc":{"start":{"line":8,"column":8},"end":{"line":8,"column":63}},"type":"binary-expr","locations":[{"start":{"line":8,"column":8},"end":{"line":8,"column":23}},{"start":{"line":8,"column":27},"end":{"line":8,"column":63}}],"line":8},"1":{"loc":{"start":{"line":9,"column":8},"end":{"line":9,"column":51}},"type":"binary-expr","locations":[{"start":{"line":9,"column":8},"end":{"line":9,"column":23}},{"start":{"line":9,"column":27},"end":{"line":9,"column":51}}],"line":9},"2":{"loc":{"start":{"line":14,"column":42},"end":{"line":14,"column":73}},"type":"binary-expr","locations":[{"start":{"line":14,"column":42},"end":{"line":14,"column":61}},{"start":{"line":14,"column":65},"end":{"line":14,"column":73}}],"line":14}},"s":{"0":2,"1":5,"2":4,"3":0,"4":4},"f":{"0":5,"1":0},"b":{"0":[0,0],"1":[4,0],"2":[0,0]},"_coverageSchema":"1a1c01bbd47fc00a2c39e90264f33305004495a9","hash":"f64a2c2545693dd5e6c517533cf14b8b49f49779"}
,"C:\\Users\\Developer\\Desktop\\Versionamiento LEARNHUB\\learnhub_latest canecillas 01 07 23\\learnhub_latest canecillas 01 07 23\\client\\components\\routes\\InstructorRoute.js": {"path":"C:\\Users\\Developer\\Desktop\\Versionamiento LEARNHUB\\learnhub_latest canecillas 01 07 23\\learnhub_latest canecillas 01 07 23\\client\\components\\routes\\InstructorRoute.js","statementMap":{"0":{"start":{"line":7,"column":24},"end":{"line":48,"column":1}},"1":{"start":{"line":9,"column":24},"end":{"line":9,"column":39}},"2":{"start":{"line":11,"column":19},"end":{"line":11,"column":30}},"3":{"start":{"line":13,"column":4},"end":{"line":15,"column":11}},"4":{"start":{"line":14,"column":8},"end":{"line":14,"column":26}},"5":{"start":{"line":17,"column":28},"end":{"line":27,"column":5}},"6":{"start":{"line":18,"column":8},"end":{"line":26,"column":9}},"7":{"start":{"line":19,"column":29},"end":{"line":19,"column":71}},"8":{"start":{"line":20,"column":12},"end":{"line":20,"column":57}},"9":{"start":{"line":21,"column":12},"end":{"line":21,"column":37}},"10":{"start":{"line":21,"column":25},"end":{"line":21,"column":37}},"11":{"start":{"line":23,"column":12},"end":{"line":23,"column":29}},"12":{"start":{"line":24,"column":12},"end":{"line":24,"column":25}},"13":{"start":{"line":25,"column":12},"end":{"line":25,"column":29}},"14":{"start":{"line":29,"column":4},"end":{"line":47,"column":6}}},"fnMap":{"0":{"name":"(anonymous_0)","decl":{"start":{"line":7,"column":24},"end":{"line":7,"column":25}},"loc":{"start":{"line":7,"column":42},"end":{"line":48,"column":1}},"line":7},"1":{"name":"(anonymous_1)","decl":{"start":{"line":13,"column":14},"end":{"line":13,"column":15}},"loc":{"start":{"line":13,"column":20},"end":{"line":15,"column":5}},"line":13},"2":{"name":"(anonymous_2)","decl":{"start":{"line":17,"column":28},"end":{"line":17,"column":29}},"loc":{"start":{"line":17,"column":40},"end":{"line":27,"column":5}},"line":17}},"branchMap":{"0":{"loc":{"start":{"line":21,"column":12},"end":{"line":21,"column":37}},"type":"if","locations":[{"start":{"line":21,"column":12},"end":{"line":21,"column":37}},{"start":{},"end":{}}],"line":21},"1":{"loc":{"start":{"line":31,"column":13},"end":{"line":45,"column":13}},"type":"cond-expr","locations":[{"start":{"line":32,"column":16},"end":{"line":35,"column":18}},{"start":{"line":37,"column":16},"end":{"line":44,"column":22}}],"line":31}},"s":{"0":1,"1":8,"2":8,"3":8,"4":0,"5":8,"6":0,"7":0,"8":0,"9":0,"10":0,"11":0,"12":0,"13":0,"14":8},"f":{"0":8,"1":0,"2":0},"b":{"0":[0,0],"1":[0,0]},"_coverageSchema":"1a1c01bbd47fc00a2c39e90264f33305004495a9","hash":"0fc288bc427aa795af1938aa7f8f4750590ded1a"}
,"C:\\Users\\Developer\\Desktop\\Versionamiento LEARNHUB\\learnhub_latest canecillas 01 07 23\\learnhub_latest canecillas 01 07 23\\client\\components\\routes\\StudentRoute.js": {"path":"C:\\Users\\Developer\\Desktop\\Versionamiento LEARNHUB\\learnhub_latest canecillas 01 07 23\\learnhub_latest canecillas 01 07 23\\client\\components\\routes\\StudentRoute.js","statementMap":{"0":{"start":{"line":6,"column":21},"end":{"line":39,"column":1}},"1":{"start":{"line":8,"column":24},"end":{"line":8,"column":39}},"2":{"start":{"line":10,"column":19},"end":{"line":10,"column":30}},"3":{"start":{"line":12,"column":4},"end":{"line":14,"column":11}},"4":{"start":{"line":13,"column":8},"end":{"line":13,"column":20}},"5":{"start":{"line":16,"column":22},"end":{"line":25,"column":5}},"6":{"start":{"line":17,"column":8},"end":{"line":24,"column":9}},"7":{"start":{"line":18,"column":29},"end":{"line":18,"column":65}},"8":{"start":{"line":19,"column":12},"end":{"line":19,"column":37}},"9":{"start":{"line":19,"column":25},"end":{"line":19,"column":37}},"10":{"start":{"line":21,"column":12},"end":{"line":21,"column":29}},"11":{"start":{"line":22,"column":12},"end":{"line":22,"column":25}},"12":{"start":{"line":23,"column":12},"end":{"line":23,"column":34}},"13":{"start":{"line":27,"column":4},"end":{"line":38,"column":6}}},"fnMap":{"0":{"name":"(anonymous_0)","decl":{"start":{"line":6,"column":21},"end":{"line":6,"column":22}},"loc":{"start":{"line":6,"column":55},"end":{"line":39,"column":1}},"line":6},"1":{"name":"(anonymous_1)","decl":{"start":{"line":12,"column":14},"end":{"line":12,"column":15}},"loc":{"start":{"line":12,"column":20},"end":{"line":14,"column":5}},"line":12},"2":{"name":"(anonymous_2)","decl":{"start":{"line":16,"column":22},"end":{"line":16,"column":23}},"loc":{"start":{"line":16,"column":34},"end":{"line":25,"column":5}},"line":16}},"branchMap":{"0":{"loc":{"start":{"line":6,"column":34},"end":{"line":6,"column":48}},"type":"default-arg","locations":[{"start":{"line":6,"column":44},"end":{"line":6,"column":48}}],"line":6},"1":{"loc":{"start":{"line":19,"column":12},"end":{"line":19,"column":37}},"type":"if","locations":[{"start":{"line":19,"column":12},"end":{"line":19,"column":37}},{"start":{},"end":{}}],"line":19},"2":{"loc":{"start":{"line":29,"column":13},"end":{"line":36,"column":13}},"type":"cond-expr","locations":[{"start":{"line":30,"column":16},"end":{"line":33,"column":18}},{"start":{"line":35,"column":16},"end":{"line":35,"column":65}}],"line":29}},"s":{"0":1,"1":8,"2":8,"3":8,"4":0,"5":8,"6":0,"7":0,"8":0,"9":0,"10":0,"11":0,"12":0,"13":8},"f":{"0":8,"1":0,"2":0},"b":{"0":[8],"1":[0,0],"2":[0,0]},"_coverageSchema":"1a1c01bbd47fc00a2c39e90264f33305004495a9","hash":"0baec6b80c5ecc8433698c7251b4a8d095badb5b"}
,"C:\\Users\\Developer\\Desktop\\Versionamiento LEARNHUB\\learnhub_latest canecillas 01 07 23\\learnhub_latest canecillas 01 07 23\\client\\components\\routes\\UserRoute.js": {"path":"C:\\Users\\Developer\\Desktop\\Versionamiento LEARNHUB\\learnhub_latest canecillas 01 07 23\\learnhub_latest canecillas 01 07 23\\client\\components\\routes\\UserRoute.js","statementMap":{"0":{"start":{"line":7,"column":18},"end":{"line":45,"column":1}},"1":{"start":{"line":9,"column":24},"end":{"line":9,"column":39}},"2":{"start":{"line":11,"column":19},"end":{"line":11,"column":30}},"3":{"start":{"line":13,"column":4},"end":{"line":15,"column":11}},"4":{"start":{"line":14,"column":8},"end":{"line":14,"column":20}},"5":{"start":{"line":17,"column":22},"end":{"line":26,"column":5}},"6":{"start":{"line":18,"column":8},"end":{"line":25,"column":9}},"7":{"start":{"line":19,"column":29},"end":{"line":19,"column":65}},"8":{"start":{"line":20,"column":12},"end":{"line":20,"column":37}},"9":{"start":{"line":20,"column":25},"end":{"line":20,"column":37}},"10":{"start":{"line":22,"column":12},"end":{"line":22,"column":29}},"11":{"start":{"line":23,"column":12},"end":{"line":23,"column":25}},"12":{"start":{"line":24,"column":12},"end":{"line":24,"column":34}},"13":{"start":{"line":28,"column":4},"end":{"line":44,"column":6}}},"fnMap":{"0":{"name":"(anonymous_0)","decl":{"start":{"line":7,"column":18},"end":{"line":7,"column":19}},"loc":{"start":{"line":7,"column":52},"end":{"line":45,"column":1}},"line":7},"1":{"name":"(anonymous_1)","decl":{"start":{"line":13,"column":14},"end":{"line":13,"column":15}},"loc":{"start":{"line":13,"column":20},"end":{"line":15,"column":5}},"line":13},"2":{"name":"(anonymous_2)","decl":{"start":{"line":17,"column":22},"end":{"line":17,"column":23}},"loc":{"start":{"line":17,"column":34},"end":{"line":26,"column":5}},"line":17}},"branchMap":{"0":{"loc":{"start":{"line":7,"column":31},"end":{"line":7,"column":45}},"type":"default-arg","locations":[{"start":{"line":7,"column":41},"end":{"line":7,"column":45}}],"line":7},"1":{"loc":{"start":{"line":20,"column":12},"end":{"line":20,"column":37}},"type":"if","locations":[{"start":{"line":20,"column":12},"end":{"line":20,"column":37}},{"start":{},"end":{}}],"line":20},"2":{"loc":{"start":{"line":30,"column":13},"end":{"line":42,"column":13}},"type":"cond-expr","locations":[{"start":{"line":31,"column":16},"end":{"line":34,"column":18}},{"start":{"line":36,"column":16},"end":{"line":41,"column":22}}],"line":30},"3":{"loc":{"start":{"line":38,"column":51},"end":{"line":38,"column":73}},"type":"binary-expr","locations":[{"start":{"line":38,"column":51},"end":{"line":38,"column":58}},{"start":{"line":38,"column":62},"end":{"line":38,"column":73}}],"line":38}},"s":{"0":1,"1":12,"2":12,"3":12,"4":0,"5":12,"6":0,"7":0,"8":0,"9":0,"10":0,"11":0,"12":0,"13":12},"f":{"0":12,"1":0,"2":0},"b":{"0":[8],"1":[0,0],"2":[0,0],"3":[0,0]},"_coverageSchema":"1a1c01bbd47fc00a2c39e90264f33305004495a9","hash":"a920f6c75462327520b1daff7068f3f4c214d4a5"}
,"C:\\Users\\Developer\\Desktop\\Versionamiento LEARNHUB\\learnhub_latest canecillas 01 07 23\\learnhub_latest canecillas 01 07 23\\client\\context\\index.js": {"path":"C:\\Users\\Developer\\Desktop\\Versionamiento LEARNHUB\\learnhub_latest canecillas 01 07 23\\learnhub_latest canecillas 01 07 23\\client\\context\\index.js","statementMap":{"0":{"start":{"line":7,"column":21},"end":{"line":9,"column":1}},"1":{"start":{"line":12,"column":16},"end":{"line":12,"column":31}},"2":{"start":{"line":15,"column":20},"end":{"line":24,"column":1}},"3":{"start":{"line":16,"column":4},"end":{"line":23,"column":5}},"4":{"start":{"line":18,"column":12},"end":{"line":18,"column":54}},"5":{"start":{"line":20,"column":12},"end":{"line":20,"column":44}},"6":{"start":{"line":22,"column":12},"end":{"line":22,"column":25}},"7":{"start":{"line":27,"column":17},"end":{"line":80,"column":1}},"8":{"start":{"line":28,"column":30},"end":{"line":28,"column":67}},"9":{"start":{"line":31,"column":19},"end":{"line":31,"column":30}},"10":{"start":{"line":33,"column":4},"end":{"line":38,"column":11}},"11":{"start":{"line":34,"column":8},"end":{"line":37,"column":11}},"12":{"start":{"line":40,"column":4},"end":{"line":66,"column":6}},"13":{"start":{"line":43,"column":12},"end":{"line":43,"column":28}},"14":{"start":{"line":47,"column":22},"end":{"line":47,"column":36}},"15":{"start":{"line":48,"column":12},"end":{"line":63,"column":13}},"16":{"start":{"line":49,"column":16},"end":{"line":62,"column":19}},"17":{"start":{"line":50,"column":20},"end":{"line":61,"column":27}},"18":{"start":{"line":53,"column":28},"end":{"line":53,"column":63}},"19":{"start":{"line":54,"column":28},"end":{"line":54,"column":57}},"20":{"start":{"line":55,"column":28},"end":{"line":55,"column":67}},"21":{"start":{"line":56,"column":28},"end":{"line":56,"column":50}},"22":{"start":{"line":59,"column":28},"end":{"line":59,"column":71}},"23":{"start":{"line":60,"column":28},"end":{"line":60,"column":42}},"24":{"start":{"line":64,"column":12},"end":{"line":64,"column":41}},"25":{"start":{"line":68,"column":4},"end":{"line":74,"column":11}},"26":{"start":{"line":69,"column":29},"end":{"line":72,"column":9}},"27":{"start":{"line":70,"column":29},"end":{"line":70,"column":63}},"28":{"start":{"line":71,"column":12},"end":{"line":71,"column":71}},"29":{"start":{"line":73,"column":8},"end":{"line":73,"column":23}},"30":{"start":{"line":76,"column":4},"end":{"line":78,"column":36}},"31":{"start":{"line":77,"column":8},"end":{"line":77,"column":83}}},"fnMap":{"0":{"name":"(anonymous_0)","decl":{"start":{"line":15,"column":20},"end":{"line":15,"column":21}},"loc":{"start":{"line":15,"column":39},"end":{"line":24,"column":1}},"line":15},"1":{"name":"(anonymous_1)","decl":{"start":{"line":27,"column":17},"end":{"line":27,"column":18}},"loc":{"start":{"line":27,"column":35},"end":{"line":80,"column":1}},"line":27},"2":{"name":"(anonymous_2)","decl":{"start":{"line":33,"column":14},"end":{"line":33,"column":15}},"loc":{"start":{"line":33,"column":20},"end":{"line":38,"column":5}},"line":33},"3":{"name":"(anonymous_3)","decl":{"start":{"line":41,"column":8},"end":{"line":41,"column":9}},"loc":{"start":{"line":41,"column":28},"end":{"line":44,"column":9}},"line":41},"4":{"name":"(anonymous_4)","decl":{"start":{"line":45,"column":8},"end":{"line":45,"column":9}},"loc":{"start":{"line":45,"column":25},"end":{"line":65,"column":9}},"line":45},"5":{"name":"(anonymous_5)","decl":{"start":{"line":49,"column":35},"end":{"line":49,"column":36}},"loc":{"start":{"line":49,"column":56},"end":{"line":62,"column":17}},"line":49},"6":{"name":"(anonymous_6)","decl":{"start":{"line":52,"column":30},"end":{"line":52,"column":31}},"loc":{"start":{"line":52,"column":40},"end":{"line":57,"column":25}},"line":52},"7":{"name":"(anonymous_7)","decl":{"start":{"line":58,"column":31},"end":{"line":58,"column":32}},"loc":{"start":{"line":58,"column":40},"end":{"line":61,"column":25}},"line":58},"8":{"name":"(anonymous_8)","decl":{"start":{"line":68,"column":14},"end":{"line":68,"column":15}},"loc":{"start":{"line":68,"column":20},"end":{"line":74,"column":5}},"line":68},"9":{"name":"(anonymous_9)","decl":{"start":{"line":69,"column":29},"end":{"line":69,"column":30}},"loc":{"start":{"line":69,"column":41},"end":{"line":72,"column":9}},"line":69},"10":{"name":"(anonymous_10)","decl":{"start":{"line":76,"column":19},"end":{"line":76,"column":20}},"loc":{"start":{"line":77,"column":8},"end":{"line":77,"column":83}},"line":77}},"branchMap":{"0":{"loc":{"start":{"line":16,"column":4},"end":{"line":23,"column":5}},"type":"switch","locations":[{"start":{"line":17,"column":8},"end":{"line":18,"column":54}},{"start":{"line":19,"column":8},"end":{"line":20,"column":44}},{"start":{"line":21,"column":8},"end":{"line":22,"column":25}}],"line":16},"1":{"loc":{"start":{"line":48,"column":12},"end":{"line":63,"column":13}},"type":"if","locations":[{"start":{"line":48,"column":12},"end":{"line":63,"column":13}},{"start":{},"end":{}}],"line":48},"2":{"loc":{"start":{"line":48,"column":16},"end":{"line":48,"column":80}},"type":"binary-expr","locations":[{"start":{"line":48,"column":16},"end":{"line":48,"column":34}},{"start":{"line":48,"column":38},"end":{"line":48,"column":48}},{"start":{"line":48,"column":52},"end":{"line":48,"column":80}}],"line":48}},"s":{"0":2,"1":2,"2":2,"3":0,"4":0,"5":0,"6":0,"7":2,"8":0,"9":0,"10":0,"11":0,"12":0,"13":0,"14":0,"15":0,"16":0,"17":0,"18":0,"19":0,"20":0,"21":0,"22":0,"23":0,"24":0,"25":0,"26":0,"27":0,"28":0,"29":0,"30":0,"31":0},"f":{"0":0,"1":0,"2":0,"3":0,"4":0,"5":0,"6":0,"7":0,"8":0,"9":0,"10":0},"b":{"0":[0,0,0],"1":[0,0],"2":[0,0,0]},"_coverageSchema":"1a1c01bbd47fc00a2c39e90264f33305004495a9","hash":"24ebdc800ba854b67641f95fb7686f495e590fed"}
,"C:\\Users\\Developer\\Desktop\\Versionamiento LEARNHUB\\learnhub_latest canecillas 01 07 23\\learnhub_latest canecillas 01 07 23\\client\\pages\\course\\[slug].js": {"path":"C:\\Users\\Developer\\Desktop\\Versionamiento LEARNHUB\\learnhub_latest canecillas 01 07 23\\learnhub_latest canecillas 01 07 23\\client\\pages\\course\\[slug].js","statementMap":{"0":{"start":{"line":10,"column":21},"end":{"line":341,"column":1}},"1":{"start":{"line":11,"column":36},"end":{"line":11,"column":51}},"2":{"start":{"line":12,"column":32},"end":{"line":12,"column":44}},"3":{"start":{"line":13,"column":32},"end":{"line":13,"column":47}},"4":{"start":{"line":14,"column":34},"end":{"line":14,"column":46}},"5":{"start":{"line":15,"column":48},"end":{"line":15,"column":63}},"6":{"start":{"line":16,"column":38},"end":{"line":16,"column":50}},"7":{"start":{"line":17,"column":40},"end":{"line":17,"column":52}},"8":{"start":{"line":18,"column":38},"end":{"line":18,"column":50}},"9":{"start":{"line":19,"column":24},"end":{"line":19,"column":36}},"10":{"start":{"line":20,"column":22},"end":{"line":20,"column":46}},"11":{"start":{"line":22,"column":30},"end":{"line":22,"column":49}},"12":{"start":{"line":23,"column":17},"end":{"line":23,"column":28}},"13":{"start":{"line":25,"column":2},"end":{"line":29,"column":21}},"14":{"start":{"line":26,"column":4},"end":{"line":28,"column":5}},"15":{"start":{"line":27,"column":6},"end":{"line":27,"column":24}},"16":{"start":{"line":32,"column":26},"end":{"line":36,"column":3}},"17":{"start":{"line":33,"column":21},"end":{"line":33,"column":75}},"18":{"start":{"line":34,"column":4},"end":{"line":34,"column":47}},"19":{"start":{"line":35,"column":4},"end":{"line":35,"column":22}},"20":{"start":{"line":39,"column":31},"end":{"line":66,"column":3}},"21":{"start":{"line":40,"column":4},"end":{"line":40,"column":23}},"22":{"start":{"line":41,"column":4},"end":{"line":65,"column":5}},"23":{"start":{"line":42,"column":6},"end":{"line":45,"column":7}},"24":{"start":{"line":43,"column":8},"end":{"line":43,"column":30}},"25":{"start":{"line":44,"column":8},"end":{"line":44,"column":15}},"26":{"start":{"line":47,"column":6},"end":{"line":50,"column":7}},"27":{"start":{"line":48,"column":8},"end":{"line":48,"column":60}},"28":{"start":{"line":49,"column":8},"end":{"line":49,"column":15}},"29":{"start":{"line":52,"column":6},"end":{"line":60,"column":7}},"30":{"start":{"line":53,"column":8},"end":{"line":53,"column":25}},"31":{"start":{"line":54,"column":25},"end":{"line":54,"column":79}},"32":{"start":{"line":55,"column":8},"end":{"line":55,"column":28}},"33":{"start":{"line":56,"column":8},"end":{"line":56,"column":26}},"34":{"start":{"line":57,"column":8},"end":{"line":57,"column":56}},"35":{"start":{"line":59,"column":8},"end":{"line":59,"column":33}},"36":{"start":{"line":62,"column":6},"end":{"line":62,"column":67}},"37":{"start":{"line":63,"column":6},"end":{"line":63,"column":23}},"38":{"start":{"line":64,"column":6},"end":{"line":64,"column":24}},"39":{"start":{"line":69,"column":31},"end":{"line":92,"column":3}},"40":{"start":{"line":70,"column":4},"end":{"line":70,"column":23}},"41":{"start":{"line":71,"column":4},"end":{"line":91,"column":5}},"42":{"start":{"line":72,"column":6},"end":{"line":75,"column":7}},"43":{"start":{"line":73,"column":8},"end":{"line":73,"column":30}},"44":{"start":{"line":74,"column":8},"end":{"line":74,"column":15}},"45":{"start":{"line":77,"column":6},"end":{"line":80,"column":7}},"46":{"start":{"line":78,"column":8},"end":{"line":78,"column":60}},"47":{"start":{"line":79,"column":8},"end":{"line":79,"column":15}},"48":{"start":{"line":82,"column":6},"end":{"line":82,"column":23}},"49":{"start":{"line":83,"column":23},"end":{"line":83,"column":77}},"50":{"start":{"line":84,"column":6},"end":{"line":84,"column":26}},"51":{"start":{"line":85,"column":6},"end":{"line":85,"column":24}},"52":{"start":{"line":86,"column":6},"end":{"line":86,"column":54}},"53":{"start":{"line":88,"column":6},"end":{"line":88,"column":60}},"54":{"start":{"line":89,"column":6},"end":{"line":89,"column":23}},"55":{"start":{"line":90,"column":6},"end":{"line":90,"column":24}},"56":{"start":{"line":95,"column":22},"end":{"line":102,"column":4}},"57":{"start":{"line":96,"column":17},"end":{"line":96,"column":36}},"58":{"start":{"line":97,"column":4},"end":{"line":101,"column":6}},"59":{"start":{"line":105,"column":30},"end":{"line":108,"column":3}},"60":{"start":{"line":106,"column":4},"end":{"line":106,"column":30}},"61":{"start":{"line":107,"column":4},"end":{"line":107,"column":23}},"62":{"start":{"line":111,"column":27},"end":{"line":116,"column":3}},"63":{"start":{"line":112,"column":4},"end":{"line":112,"column":22}},"64":{"start":{"line":113,"column":4},"end":{"line":113,"column":23}},"65":{"start":{"line":114,"column":4},"end":{"line":114,"column":22}},"66":{"start":{"line":115,"column":4},"end":{"line":115,"column":15}},"67":{"start":{"line":119,"column":27},"end":{"line":133,"column":3}},"68":{"start":{"line":121,"column":23},"end":{"line":121,"column":66}},"69":{"start":{"line":124,"column":25},"end":{"line":124,"column":27}},"70":{"start":{"line":125,"column":4},"end":{"line":130,"column":5}},"71":{"start":{"line":125,"column":17},"end":{"line":125,"column":18}},"72":{"start":{"line":126,"column":6},"end":{"line":128,"column":7}},"73":{"start":{"line":127,"column":8},"end":{"line":127,"column":30}},"74":{"start":{"line":129,"column":6},"end":{"line":129,"column":38}},"75":{"start":{"line":132,"column":4},"end":{"line":132,"column":26}},"76":{"start":{"line":136,"column":33},"end":{"line":149,"column":3}},"77":{"start":{"line":137,"column":16},"end":{"line":137,"column":30}},"78":{"start":{"line":139,"column":4},"end":{"line":139,"column":37}},"79":{"start":{"line":142,"column":4},"end":{"line":144,"column":5}},"80":{"start":{"line":143,"column":6},"end":{"line":143,"column":33}},"81":{"start":{"line":147,"column":27},"end":{"line":147,"column":50}},"82":{"start":{"line":148,"column":4},"end":{"line":148,"column":34}},"83":{"start":{"line":152,"column":34},"end":{"line":154,"column":3}},"84":{"start":{"line":153,"column":4},"end":{"line":153,"column":35}},"85":{"start":{"line":156,"column":33},"end":{"line":158,"column":3}},"86":{"start":{"line":157,"column":4},"end":{"line":157,"column":34}},"87":{"start":{"line":160,"column":26},"end":{"line":163,"column":3}},"88":{"start":{"line":161,"column":18},"end":{"line":161,"column":63}},"89":{"start":{"line":162,"column":4},"end":{"line":162,"column":18}},"90":{"start":{"line":166,"column":29},"end":{"line":175,"column":3}},"91":{"start":{"line":167,"column":4},"end":{"line":174,"column":6}},"92":{"start":{"line":177,"column":2},"end":{"line":340,"column":4}},"93":{"start":{"line":226,"column":42},"end":{"line":226,"column":81}},"94":{"start":{"line":227,"column":40},"end":{"line":229,"column":24}},"95":{"start":{"line":230,"column":22},"end":{"line":234,"column":24}},"96":{"start":{"line":344,"column":19},"end":{"line":344,"column":77}},"97":{"start":{"line":345,"column":2},"end":{"line":349,"column":4}}},"fnMap":{"0":{"name":"(anonymous_0)","decl":{"start":{"line":10,"column":21},"end":{"line":10,"column":22}},"loc":{"start":{"line":10,"column":37},"end":{"line":341,"column":1}},"line":10},"1":{"name":"(anonymous_1)","decl":{"start":{"line":25,"column":12},"end":{"line":25,"column":13}},"loc":{"start":{"line":25,"column":18},"end":{"line":29,"column":3}},"line":25},"2":{"name":"(anonymous_2)","decl":{"start":{"line":32,"column":26},"end":{"line":32,"column":27}},"loc":{"start":{"line":32,"column":38},"end":{"line":36,"column":3}},"line":32},"3":{"name":"(anonymous_3)","decl":{"start":{"line":39,"column":31},"end":{"line":39,"column":32}},"loc":{"start":{"line":39,"column":44},"end":{"line":66,"column":3}},"line":39},"4":{"name":"(anonymous_4)","decl":{"start":{"line":69,"column":31},"end":{"line":69,"column":32}},"loc":{"start":{"line":69,"column":44},"end":{"line":92,"column":3}},"line":69},"5":{"name":"(anonymous_5)","decl":{"start":{"line":95,"column":49},"end":{"line":95,"column":50}},"loc":{"start":{"line":95,"column":63},"end":{"line":102,"column":3}},"line":95},"6":{"name":"(anonymous_6)","decl":{"start":{"line":105,"column":30},"end":{"line":105,"column":31}},"loc":{"start":{"line":105,"column":36},"end":{"line":108,"column":3}},"line":105},"7":{"name":"(anonymous_7)","decl":{"start":{"line":111,"column":27},"end":{"line":111,"column":28}},"loc":{"start":{"line":111,"column":33},"end":{"line":116,"column":3}},"line":111},"8":{"name":"(anonymous_8)","decl":{"start":{"line":119,"column":27},"end":{"line":119,"column":28}},"loc":{"start":{"line":119,"column":38},"end":{"line":133,"column":3}},"line":119},"9":{"name":"(anonymous_9)","decl":{"start":{"line":136,"column":33},"end":{"line":136,"column":34}},"loc":{"start":{"line":136,"column":40},"end":{"line":149,"column":3}},"line":136},"10":{"name":"(anonymous_10)","decl":{"start":{"line":152,"column":34},"end":{"line":152,"column":35}},"loc":{"start":{"line":152,"column":41},"end":{"line":154,"column":3}},"line":152},"11":{"name":"(anonymous_11)","decl":{"start":{"line":156,"column":33},"end":{"line":156,"column":34}},"loc":{"start":{"line":156,"column":40},"end":{"line":158,"column":3}},"line":156},"12":{"name":"(anonymous_12)","decl":{"start":{"line":160,"column":26},"end":{"line":160,"column":27}},"loc":{"start":{"line":160,"column":33},"end":{"line":163,"column":3}},"line":160},"13":{"name":"(anonymous_13)","decl":{"start":{"line":166,"column":29},"end":{"line":166,"column":30}},"loc":{"start":{"line":166,"column":35},"end":{"line":175,"column":3}},"line":166},"14":{"name":"(anonymous_14)","decl":{"start":{"line":225,"column":48},"end":{"line":225,"column":49}},"loc":{"start":{"line":225,"column":62},"end":{"line":235,"column":21}},"line":225},"15":{"name":"getServerSideProps","decl":{"start":{"line":343,"column":22},"end":{"line":343,"column":40}},"loc":{"start":{"line":343,"column":52},"end":{"line":350,"column":1}},"line":343}},"branchMap":{"0":{"loc":{"start":{"line":26,"column":4},"end":{"line":28,"column":5}},"type":"if","locations":[{"start":{"line":26,"column":4},"end":{"line":28,"column":5}},{"start":{},"end":{}}],"line":26},"1":{"loc":{"start":{"line":26,"column":8},"end":{"line":26,"column":22}},"type":"binary-expr","locations":[{"start":{"line":26,"column":8},"end":{"line":26,"column":12}},{"start":{"line":26,"column":16},"end":{"line":26,"column":22}}],"line":26},"2":{"loc":{"start":{"line":42,"column":6},"end":{"line":45,"column":7}},"type":"if","locations":[{"start":{"line":42,"column":6},"end":{"line":45,"column":7}},{"start":{},"end":{}}],"line":42},"3":{"loc":{"start":{"line":47,"column":6},"end":{"line":50,"column":7}},"type":"if","locations":[{"start":{"line":47,"column":6},"end":{"line":50,"column":7}},{"start":{},"end":{}}],"line":47},"4":{"loc":{"start":{"line":52,"column":6},"end":{"line":60,"column":7}},"type":"if","locations":[{"start":{"line":52,"column":6},"end":{"line":60,"column":7}},{"start":{"line":58,"column":13},"end":{"line":60,"column":7}}],"line":52},"5":{"loc":{"start":{"line":72,"column":6},"end":{"line":75,"column":7}},"type":"if","locations":[{"start":{"line":72,"column":6},"end":{"line":75,"column":7}},{"start":{},"end":{}}],"line":72},"6":{"loc":{"start":{"line":77,"column":6},"end":{"line":80,"column":7}},"type":"if","locations":[{"start":{"line":77,"column":6},"end":{"line":80,"column":7}},{"start":{},"end":{}}],"line":77},"7":{"loc":{"start":{"line":126,"column":6},"end":{"line":128,"column":7}},"type":"if","locations":[{"start":{"line":126,"column":6},"end":{"line":128,"column":7}},{"start":{},"end":{}}],"line":126},"8":{"loc":{"start":{"line":126,"column":10},"end":{"line":126,"column":30}},"type":"binary-expr","locations":[{"start":{"line":126,"column":10},"end":{"line":126,"column":15}},{"start":{"line":126,"column":19},"end":{"line":126,"column":30}}],"line":126},"9":{"loc":{"start":{"line":142,"column":4},"end":{"line":144,"column":5}},"type":"if","locations":[{"start":{"line":142,"column":4},"end":{"line":144,"column":5}},{"start":{},"end":{}}],"line":142},"10":{"loc":{"start":{"line":168,"column":6},"end":{"line":173,"column":22}},"type":"binary-expr","locations":[{"start":{"line":168,"column":6},"end":{"line":168,"column":30}},{"start":{"line":169,"column":6},"end":{"line":169,"column":30}},{"start":{"line":170,"column":6},"end":{"line":170,"column":31}},{"start":{"line":171,"column":6},"end":{"line":171,"column":30}},{"start":{"line":172,"column":6},"end":{"line":172,"column":23}},{"start":{"line":173,"column":6},"end":{"line":173,"column":22}}],"line":168},"11":{"loc":{"start":{"line":199,"column":7},"end":{"line":276,"column":14}},"type":"cond-expr","locations":[{"start":{"line":200,"column":8},"end":{"line":275,"column":14}},{"start":{"line":276,"column":10},"end":{"line":276,"column":14}}],"line":199},"12":{"loc":{"start":{"line":262,"column":28},"end":{"line":262,"column":60}},"type":"binary-expr","locations":[{"start":{"line":262,"column":28},"end":{"line":262,"column":49}},{"start":{"line":262,"column":53},"end":{"line":262,"column":60}}],"line":262},"13":{"loc":{"start":{"line":264,"column":19},"end":{"line":264,"column":62}},"type":"cond-expr","locations":[{"start":{"line":264,"column":29},"end":{"line":264,"column":44}},{"start":{"line":264,"column":47},"end":{"line":264,"column":62}}],"line":264},"14":{"loc":{"start":{"line":278,"column":7},"end":{"line":285,"column":7}},"type":"binary-expr","locations":[{"start":{"line":278,"column":7},"end":{"line":278,"column":21}},{"start":{"line":279,"column":8},"end":{"line":284,"column":10}}],"line":278}},"s":{"0":1,"1":0,"2":0,"3":0,"4":0,"5":0,"6":0,"7":0,"8":0,"9":0,"10":0,"11":0,"12":0,"13":0,"14":0,"15":0,"16":0,"17":0,"18":0,"19":0,"20":0,"21":0,"22":0,"23":0,"24":0,"25":0,"26":0,"27":0,"28":0,"29":0,"30":0,"31":0,"32":0,"33":0,"34":0,"35":0,"36":0,"37":0,"38":0,"39":0,"40":0,"41":0,"42":0,"43":0,"44":0,"45":0,"46":0,"47":0,"48":0,"49":0,"50":0,"51":0,"52":0,"53":0,"54":0,"55":0,"56":0,"57":0,"58":0,"59":0,"60":0,"61":0,"62":0,"63":0,"64":0,"65":0,"66":0,"67":0,"68":0,"69":0,"70":0,"71":0,"72":0,"73":0,"74":0,"75":0,"76":0,"77":0,"78":0,"79":0,"80":0,"81":0,"82":0,"83":0,"84":0,"85":0,"86":0,"87":0,"88":0,"89":0,"90":0,"91":0,"92":0,"93":0,"94":0,"95":0,"96":0,"97":0},"f":{"0":0,"1":0,"2":0,"3":0,"4":0,"5":0,"6":0,"7":0,"8":0,"9":0,"10":0,"11":0,"12":0,"13":0,"14":0,"15":0},"b":{"0":[0,0],"1":[0,0],"2":[0,0],"3":[0,0],"4":[0,0],"5":[0,0],"6":[0,0],"7":[0,0],"8":[0,0],"9":[0,0],"10":[0,0,0,0,0,0],"11":[0,0],"12":[0,0],"13":[0,0],"14":[0,0]},"_coverageSchema":"1a1c01bbd47fc00a2c39e90264f33305004495a9","hash":"63a78d4a5f9ed7c6d9cea843235b1f6405fb7a3b"}
,"C:\\Users\\Developer\\Desktop\\Versionamiento LEARNHUB\\learnhub_latest canecillas 01 07 23\\learnhub_latest canecillas 01 07 23\\client\\utils\\helpers.js": {"path":"C:\\Users\\Developer\\Desktop\\Versionamiento LEARNHUB\\learnhub_latest canecillas 01 07 23\\learnhub_latest canecillas 01 07 23\\client\\utils\\helpers.js","statementMap":{"0":{"start":{"line":2,"column":33},"end":{"line":7,"column":1}},"1":{"start":{"line":3,"column":4},"end":{"line":6,"column":7}}},"fnMap":{"0":{"name":"(anonymous_0)","decl":{"start":{"line":2,"column":33},"end":{"line":2,"column":34}},"loc":{"start":{"line":2,"column":43},"end":{"line":7,"column":1}},"line":2}},"branchMap":{},"s":{"0":2,"1":0},"f":{"0":0},"b":{},"_coverageSchema":"1a1c01bbd47fc00a2c39e90264f33305004495a9","hash":"c1ea11a647232e49edbb3ac040a4c062d1768006"}
}
